# JRE version: OpenJDK Runtime Environment Temurin-21.0.7+6 (21.0.7+6) (build 21.0.7+6-LTS)
# Java VM: OpenJDK 64-Bit Server VM Temurin-21.0.7+6 (21.0.7+6-LTS, mixed mode, sharing, tiered, compressed oops, compressed class ptrs, parallel gc, windows-amd64)
GC Precious Log:
 CardTable entry size: 512
 CPUs: 6 total, 6 available
 Memory: 16210M
 Large Page Support: Disabled
 NUMA Support: Disabled
 Compressed Oops: Enabled (32-bit)
 Alignments: Space 512K, Generation 512K, Heap 2M
 Heap Min Capacity: 100M
 Heap Initial Capacity: 100M
 Heap Max Capacity: 1G
 Pre-touch: Disabled
 Parallel Workers: 6
Heap:
 PSYoungGen      total 1024K, used 0K [0x00000000eab00000, 0x00000000eaf80000, 0x0000000100000000)
  eden space 512K, 0% used [0x00000000eab00000,0x00000000eab00000,0x00000000eab80000)
  from space 512K, 0% used [0x00000000eab80000,0x00000000eab80000,0x00000000eac00000)
  to   space 1536K, 0% used [0x00000000eae00000,0x00000000eae00000,0x00000000eaf80000)
 ParOldGen       total 525824K, used 525694K [0x00000000c0000000, 0x00000000e0180000, 0x00000000eab00000)
  object space 525824K, 99% used [0x00000000c0000000,0x00000000e015f9b8,0x00000000e0180000)
 Metaspace       used 102305K, committed 104128K, reserved 1179648K
  class space    used 9750K, committed 10624K, reserved 1048576K
GC Heap History (20 events):
Event: 19123.701 GC heap after
{Heap after GC invocations=5722 (full 13):
 PSYoungGen      total 1024K, used 512K [0x00000000eab00000, 0x00000000eb480000, 0x0000000100000000)
  eden space 512K, 0% used [0x00000000eab00000,0x00000000eab00000,0x00000000eab80000)
  from space 512K, 100% used [0x00000000eae80000,0x00000000eaf00000,0x00000000eaf00000)
  to   space 3072K, 0% used [0x00000000eab80000,0x00000000eab80000,0x00000000eae80000)
 ParOldGen       total 515584K, used 515438K [0x00000000c0000000, 0x00000000df780000, 0x00000000eab00000)
  object space 515584K, 99% used [0x00000000c0000000,0x00000000df75b9b8,0x00000000df780000)
 Metaspace       used 102305K, committed 104128K, reserved 1179648K
  class space    used 9750K, committed 10624K, reserved 1048576K
}
Event: 19123.703 GC heap before
{Heap before GC invocations=5723 (full 13):
 PSYoungGen      total 1024K, used 1023K [0x00000000eab00000, 0x00000000eb480000, 0x0000000100000000)
  eden space 512K, 99% used [0x00000000eab00000,0x00000000eab7ff70,0x00000000eab80000)
  from space 512K, 100% used [0x00000000eae80000,0x00000000eaf00000,0x00000000eaf00000)
  to   space 3072K, 0% used [0x00000000eab80000,0x00000000eab80000,0x00000000eae80000)
 ParOldGen       total 515584K, used 515438K [0x00000000c0000000, 0x00000000df780000, 0x00000000eab00000)
  object space 515584K, 99% used [0x00000000c0000000,0x00000000df75b9b8,0x00000000df780000)
 Metaspace       used 102305K, committed 104128K, reserved 1179648K
  class space    used 9750K, committed 10624K, reserved 1048576K
}
Event: 19123.707 GC heap after
{Heap after GC invocations=5723 (full 13):
 PSYoungGen      total 1536K, used 576K [0x00000000eab00000, 0x00000000eaf00000, 0x0000000100000000)
  eden space 512K, 0% used [0x00000000eab00000,0x00000000eab00000,0x00000000eab80000)
  from space 1024K, 56% used [0x00000000eab80000,0x00000000eac10000,0x00000000eac80000)
  to   space 1536K, 0% used [0x00000000ead80000,0x00000000ead80000,0x00000000eaf00000)
 ParOldGen       total 516096K, used 515982K [0x00000000c0000000, 0x00000000df800000, 0x00000000eab00000)
  object space 516096K, 99% used [0x00000000c0000000,0x00000000df7e39b8,0x00000000df800000)
 Metaspace       used 102305K, committed 104128K, reserved 1179648K
  class space    used 9750K, committed 10624K, reserved 1048576K
}
Event: 19123.708 GC heap before
{Heap before GC invocations=5724 (full 13):
 PSYoungGen      total 1536K, used 1088K [0x00000000eab00000, 0x00000000eaf00000, 0x0000000100000000)
  eden space 512K, 100% used [0x00000000eab00000,0x00000000eab80000,0x00000000eab80000)
  from space 1024K, 56% used [0x00000000eab80000,0x00000000eac10000,0x00000000eac80000)
  to   space 1536K, 0% used [0x00000000ead80000,0x00000000ead80000,0x00000000eaf00000)
 ParOldGen       total 516096K, used 515982K [0x00000000c0000000, 0x00000000df800000, 0x00000000eab00000)
  object space 516096K, 99% used [0x00000000c0000000,0x00000000df7e39b8,0x00000000df800000)
 Metaspace       used 102305K, committed 104128K, reserved 1179648K
  class space    used 9750K, committed 10624K, reserved 1048576K
}
Event: 19123.710 GC heap after
{Heap after GC invocations=5724 (full 13):
 PSYoungGen      total 2048K, used 544K [0x00000000eab00000, 0x00000000eae80000, 0x0000000100000000)
  eden space 1024K, 0% used [0x00000000eab00000,0x00000000eab00000,0x00000000eac00000)
  from space 1024K, 53% used [0x00000000ead80000,0x00000000eae08000,0x00000000eae80000)
  to   space 1024K, 0% used [0x00000000eac80000,0x00000000eac80000,0x00000000ead80000)
 ParOldGen       total 516608K, used 516470K [0x00000000c0000000, 0x00000000df880000, 0x00000000eab00000)
  object space 516608K, 99% used [0x00000000c0000000,0x00000000df85d9b8,0x00000000df880000)
 Metaspace       used 102305K, committed 104128K, reserved 1179648K
  class space    used 9750K, committed 10624K, reserved 1048576K
}
Event: 19123.711 GC heap before
{Heap before GC invocations=5725 (full 13):
 PSYoungGen      total 2048K, used 1568K [0x00000000eab00000, 0x00000000eae80000, 0x0000000100000000)
  eden space 1024K, 100% used [0x00000000eab00000,0x00000000eac00000,0x00000000eac00000)
  from space 1024K, 53% used [0x00000000ead80000,0x00000000eae08000,0x00000000eae80000)
  to   space 1024K, 0% used [0x00000000eac80000,0x00000000eac80000,0x00000000ead80000)
 ParOldGen       total 516608K, used 516470K [0x00000000c0000000, 0x00000000df880000, 0x00000000eab00000)
  object space 516608K, 99% used [0x00000000c0000000,0x00000000df85d9b8,0x00000000df880000)
 Metaspace       used 102305K, committed 104128K, reserved 1179648K
  class space    used 9750K, committed 10624K, reserved 1048576K
}
Event: 19123.713 GC heap after
{Heap after GC invocations=5725 (full 13):
 PSYoungGen      total 2560K, used 1024K [0x00000000eab00000, 0x00000000eb080000, 0x0000000100000000)
  eden space 1536K, 0% used [0x00000000eab00000,0x00000000eab00000,0x00000000eac80000)
  from space 1024K, 100% used [0x00000000eac80000,0x00000000ead80000,0x00000000ead80000)
  to   space 2048K, 0% used [0x00000000eae80000,0x00000000eae80000,0x00000000eb080000)
 ParOldGen       total 517120K, used 516990K [0x00000000c0000000, 0x00000000df900000, 0x00000000eab00000)
  object space 517120K, 99% used [0x00000000c0000000,0x00000000df8df9b8,0x00000000df900000)
 Metaspace       used 102305K, committed 104128K, reserved 1179648K
  class space    used 9750K, committed 10624K, reserved 1048576K
}
Event: 19123.716 GC heap before
{Heap before GC invocations=5726 (full 13):
 PSYoungGen      total 2560K, used 2560K [0x00000000eab00000, 0x00000000eb080000, 0x0000000100000000)
  eden space 1536K, 100% used [0x00000000eab00000,0x00000000eac80000,0x00000000eac80000)
  from space 1024K, 100% used [0x00000000eac80000,0x00000000ead80000,0x00000000ead80000)
  to   space 2048K, 0% used [0x00000000eae80000,0x00000000eae80000,0x00000000eb080000)
 ParOldGen       total 517120K, used 516990K [0x00000000c0000000, 0x00000000df900000, 0x00000000eab00000)
  object space 517120K, 99% used [0x00000000c0000000,0x00000000df8df9b8,0x00000000df900000)
 Metaspace       used 102305K, committed 104128K, reserved 1179648K
  class space    used 9750K, committed 10624K, reserved 1048576K
}
Event: 19123.718 GC heap after
{Heap after GC invocations=5726 (full 13):
 PSYoungGen      total 3584K, used 1600K [0x00000000eab00000, 0x00000000eb100000, 0x0000000100000000)
  eden space 1536K, 0% used [0x00000000eab00000,0x00000000eab00000,0x00000000eac80000)
  from space 2048K, 78% used [0x00000000eae80000,0x00000000eb010000,0x00000000eb080000)
  to   space 2048K, 0% used [0x00000000eac80000,0x00000000eac80000,0x00000000eae80000)
 ParOldGen       total 518144K, used 517998K [0x00000000c0000000, 0x00000000dfa00000, 0x00000000eab00000)
  object space 518144K, 99% used [0x00000000c0000000,0x00000000df9db9b8,0x00000000dfa00000)
 Metaspace       used 102305K, committed 104128K, reserved 1179648K
  class space    used 9750K, committed 10624K, reserved 1048576K
}
Event: 19123.721 GC heap before
{Heap before GC invocations=5727 (full 13):
 PSYoungGen      total 3584K, used 3136K [0x00000000eab00000, 0x00000000eb100000, 0x0000000100000000)
  eden space 1536K, 100% used [0x00000000eab00000,0x00000000eac80000,0x00000000eac80000)
  from space 2048K, 78% used [0x00000000eae80000,0x00000000eb010000,0x00000000eb080000)
  to   space 2048K, 0% used [0x00000000eac80000,0x00000000eac80000,0x00000000eae80000)
 ParOldGen       total 518144K, used 517998K [0x00000000c0000000, 0x00000000dfa00000, 0x00000000eab00000)
  object space 518144K, 99% used [0x00000000c0000000,0x00000000df9db9b8,0x00000000dfa00000)
 Metaspace       used 102305K, committed 104128K, reserved 1179648K
  class space    used 9750K, committed 10624K, reserved 1048576K
}
Event: 19123.724 GC heap after
{Heap after GC invocations=5727 (full 13):
 PSYoungGen      total 3584K, used 1600K [0x00000000eab00000, 0x00000000eb100000, 0x0000000100000000)
  eden space 1536K, 0% used [0x00000000eab00000,0x00000000eab00000,0x00000000eac80000)
  from space 2048K, 78% used [0x00000000eac80000,0x00000000eae10000,0x00000000eae80000)
  to   space 2048K, 0% used [0x00000000eaf00000,0x00000000eaf00000,0x00000000eb100000)
 ParOldGen       total 519680K, used 519534K [0x00000000c0000000, 0x00000000dfb80000, 0x00000000eab00000)
  object space 519680K, 99% used [0x00000000c0000000,0x00000000dfb5b9b8,0x00000000dfb80000)
 Metaspace       used 102305K, committed 104128K, reserved 1179648K
  class space    used 9750K, committed 10624K, reserved 1048576K
}
Event: 19123.727 GC heap before
{Heap before GC invocations=5728 (full 13):
 PSYoungGen      total 3584K, used 3136K [0x00000000eab00000, 0x00000000eb100000, 0x0000000100000000)
  eden space 1536K, 100% used [0x00000000eab00000,0x00000000eac80000,0x00000000eac80000)
  from space 2048K, 78% used [0x00000000eac80000,0x00000000eae10000,0x00000000eae80000)
  to   space 2048K, 0% used [0x00000000eaf00000,0x00000000eaf00000,0x00000000eb100000)
 ParOldGen       total 519680K, used 519534K [0x00000000c0000000, 0x00000000dfb80000, 0x00000000eab00000)
  object space 519680K, 99% used [0x00000000c0000000,0x00000000dfb5b9b8,0x00000000dfb80000)
 Metaspace       used 102305K, committed 104128K, reserved 1179648K
  class space    used 9750K, committed 10624K, reserved 1048576K
}
Event: 19123.730 GC heap after
{Heap after GC invocations=5728 (full 13):
 PSYoungGen      total 4096K, used 1632K [0x00000000eab00000, 0x00000000eb100000, 0x0000000100000000)
  eden space 2048K, 0% used [0x00000000eab00000,0x00000000eab00000,0x00000000ead00000)
  from space 2048K, 79% used [0x00000000eaf00000,0x00000000eb098000,0x00000000eb100000)
  to   space 2048K, 0% used [0x00000000ead00000,0x00000000ead00000,0x00000000eaf00000)
 ParOldGen       total 521216K, used 521078K [0x00000000c0000000, 0x00000000dfd00000, 0x00000000eab00000)
  object space 521216K, 99% used [0x00000000c0000000,0x00000000dfcdd9b8,0x00000000dfd00000)
 Metaspace       used 102305K, committed 104128K, reserved 1179648K
  class space    used 9750K, committed 10624K, reserved 1048576K
}
Event: 19123.736 GC heap before
{Heap before GC invocations=5729 (full 13):
 PSYoungGen      total 4096K, used 3408K [0x00000000eab00000, 0x00000000eb100000, 0x0000000100000000)
  eden space 2048K, 86% used [0x00000000eab00000,0x00000000eacbc260,0x00000000ead00000)
  from space 2048K, 79% used [0x00000000eaf00000,0x00000000eb098000,0x00000000eb100000)
  to   space 2048K, 0% used [0x00000000ead00000,0x00000000ead00000,0x00000000eaf00000)
 ParOldGen       total 521216K, used 521078K [0x00000000c0000000, 0x00000000dfd00000, 0x00000000eab00000)
  object space 521216K, 99% used [0x00000000c0000000,0x00000000dfcdd9b8,0x00000000dfd00000)
 Metaspace       used 102305K, committed 104128K, reserved 1179648K
  class space    used 9750K, committed 10624K, reserved 1048576K
}
Event: 19123.740 GC heap after
{Heap after GC invocations=5729 (full 13):
 PSYoungGen      total 4096K, used 1456K [0x00000000eab00000, 0x00000000eb080000, 0x0000000100000000)
  eden space 2048K, 0% used [0x00000000eab00000,0x00000000eab00000,0x00000000ead00000)
  from space 2048K, 71% used [0x00000000ead00000,0x00000000eae6c000,0x00000000eaf00000)
  to   space 1536K, 0% used [0x00000000eaf00000,0x00000000eaf00000,0x00000000eb080000)
 ParOldGen       total 522752K, used 522614K [0x00000000c0000000, 0x00000000dfe80000, 0x00000000eab00000)
  object space 522752K, 99% used [0x00000000c0000000,0x00000000dfe5d9b8,0x00000000dfe80000)
 Metaspace       used 102305K, committed 104128K, reserved 1179648K
  class space    used 9750K, committed 10624K, reserved 1048576K
}
Event: 19123.746 GC heap before
{Heap before GC invocations=5730 (full 13):
 PSYoungGen      total 4096K, used 3462K [0x00000000eab00000, 0x00000000eb080000, 0x0000000100000000)
  eden space 2048K, 97% used [0x00000000eab00000,0x00000000eacf5870,0x00000000ead00000)
  from space 2048K, 71% used [0x00000000ead00000,0x00000000eae6c000,0x00000000eaf00000)
  to   space 1536K, 0% used [0x00000000eaf00000,0x00000000eaf00000,0x00000000eb080000)
 ParOldGen       total 522752K, used 522614K [0x00000000c0000000, 0x00000000dfe80000, 0x00000000eab00000)
  object space 522752K, 99% used [0x00000000c0000000,0x00000000dfe5d9b8,0x00000000dfe80000)
 Metaspace       used 102305K, committed 104128K, reserved 1179648K
  class space    used 9750K, committed 10624K, reserved 1048576K
}
Event: 19123.749 GC heap after
{Heap after GC invocations=5730 (full 13):
 PSYoungGen      total 2048K, used 1536K [0x00000000eab00000, 0x00000000eb480000, 0x0000000100000000)
  eden space 512K, 0% used [0x00000000eab00000,0x00000000eab00000,0x00000000eab80000)
  from space 1536K, 100% used [0x00000000eaf00000,0x00000000eb080000,0x00000000eb080000)
  to   space 3584K, 0% used [0x00000000eab80000,0x00000000eab80000,0x00000000eaf00000)
 ParOldGen       total 524288K, used 524126K [0x00000000c0000000, 0x00000000e0000000, 0x00000000eab00000)
  object space 524288K, 99% used [0x00000000c0000000,0x00000000dffd79b8,0x00000000e0000000)
 Metaspace       used 102305K, committed 104128K, reserved 1179648K
  class space    used 9750K, committed 10624K, reserved 1048576K
}
Event: 19123.749 GC heap before
{Heap before GC invocations=5731 (full 13):
 PSYoungGen      total 2048K, used 1536K [0x00000000eab00000, 0x00000000eb480000, 0x0000000100000000)
  eden space 512K, 0% used [0x00000000eab00000,0x00000000eab00000,0x00000000eab80000)
  from space 1536K, 100% used [0x00000000eaf00000,0x00000000eb080000,0x00000000eb080000)
  to   space 3584K, 0% used [0x00000000eab80000,0x00000000eab80000,0x00000000eaf00000)
 ParOldGen       total 524288K, used 524126K [0x00000000c0000000, 0x00000000e0000000, 0x00000000eab00000)
  object space 524288K, 99% used [0x00000000c0000000,0x00000000dffd79b8,0x00000000e0000000)
 Metaspace       used 102305K, committed 104128K, reserved 1179648K
  class space    used 9750K, committed 10624K, reserved 1048576K
}
Event: 19123.751 GC heap after
{Heap after GC invocations=5731 (full 13):
 PSYoungGen      total 1024K, used 0K [0x00000000eab00000, 0x00000000eaf80000, 0x0000000100000000)
  eden space 512K, 0% used [0x00000000eab00000,0x00000000eab00000,0x00000000eab80000)
  from space 512K, 0% used [0x00000000eab80000,0x00000000eab80000,0x00000000eac00000)
  to   space 1536K, 0% used [0x00000000eae00000,0x00000000eae00000,0x00000000eaf80000)
 ParOldGen       total 525824K, used 525694K [0x00000000c0000000, 0x00000000e0180000, 0x00000000eab00000)
  object space 525824K, 99% used [0x00000000c0000000,0x00000000e015f9b8,0x00000000e0180000)
 Metaspace       used 102305K, committed 104128K, reserved 1179648K
  class space    used 9750K, committed 10624K, reserved 1048576K
}
Event: 19123.751 GC heap before
{Heap before GC invocations=5732 (full 14):
 PSYoungGen      total 1024K, used 0K [0x00000000eab00000, 0x00000000eaf80000, 0x0000000100000000)
  eden space 512K, 0% used [0x00000000eab00000,0x00000000eab00000,0x00000000eab80000)
  from space 512K, 0% used [0x00000000eab80000,0x00000000eab80000,0x00000000eac00000)
  to   space 1536K, 0% used [0x00000000eae00000,0x00000000eae00000,0x00000000eaf80000)
 ParOldGen       total 525824K, used 525694K [0x00000000c0000000, 0x00000000e0180000, 0x00000000eab00000)
  object space 525824K, 99% used [0x00000000c0000000,0x00000000e015f9b8,0x00000000e0180000)
 Metaspace       used 102305K, committed 104128K, reserved 1179648K
  class space    used 9750K, committed 10624K, reserved 1048576K
}

